Starting IA upload at: 2026-02-17T08:31:28Z
Identifier: compilerdesign-ch-01-introduction-and-lexical-analysis-introduction-and-lexical-analysis-05-lexical-
compilerdesign-ch-01-introduction-and-lexical-analysis-introduction-and-lexical-analysis-05-lexical-:

 uploading compilerdesign_CH_01__Introduction_and_Lexical_Analysis_Introduction_and_Lexical_Analysis_05__Lexical_Analysis_Part_03.mp4:   0%|          | 0/850 [00:00<?, ?MiB/s]
 uploading compilerdesign_CH_01__Introduction_and_Lexical_Analysis_Introduction_and_Lexical_Analysis_05__Lexical_Analysis_Part_03.mp4:   0%|          | 1/850 [00:00<07:35,  1.87MiB/s]
 uploading compilerdesign_CH_01__Introduction_and_Lexical_Analysis_Introduction_and_Lexical_Analysis_05__Lexical_Analysis_Part_03.mp4:   0%|          | 3/850 [00:00<02:37,  5.38MiB/s]
 uploading compilerdesign_CH_01__Introduction_and_Lexical_Analysis_Introduction_and_Lexical_Analysis_05__Lexical_Analysis_Part_03.mp4:   1%|          | 6/850 [00:00<01:33,  9.00MiB/s]
 uploading compilerdesign_CH_01__Introduction_and_Lexical_Analysis_Introduction_and_Lexical_Analysis_05__Lexical_Analysis_Part_03.mp4:   1%|          | 8/850 [00:00<01:18, 10.72MiB/s]
 uploading compilerdesign_CH_01__Introduction_and_Lexical_Analysis_Introduction_and_Lexical_Analysis_05__Lexical_Analysis_Part_03.mp4:   1%|          | 10/850 [00:01<01:07, 12.47MiB/s]
 uploading compilerdesign_CH_01__Introduction_and_Lexical_Analysis_Introduction_and_Lexical_Analysis_05__Lexical_Analysis_Part_03.mp4:   1%|▏         | 12/850 [00:01<01:08, 12.17MiB/s]
 uploading compilerdesign_CH_01__Introduction_and_Lexical_Analysis_Introduction_and_Lexical_Analysis_05__Lexical_Analysis_Part_03.mp4:   2%|▏         | 14/850 [00:01<01:00, 13.79MiB/s]
 uploading compilerdesign_CH_01__Introduction_and_Lexical_Analysis_Introduction_and_Lexical_Analysis_05__Lexical_Analysis_Part_03.mp4:   2%|▏         | 16/850 [00:01<01:01, 13.58MiB/s]
 uploading compilerdesign_CH_01__Introduction_and_Lexical_Analysis_Introduction_and_Lexical_Analysis_05__Lexical_Analysis_Part_03.mp4:   2%|▏         | 18/850 [00:07<13:49,  1.00MiB/s]
 uploading compilerdesign_CH_01__Introduction_and_Lexical_Analysis_Introduction_and_Lexical_Analysis_05__Lexical_Analysis_Part_03.mp4:   2%|▏         | 20/850 [00:07<09:58,  1.39MiB/s]
 uploading compilerdesign_CH_01__Introduction_and_Lexical_Analysis_Introduction_and_Lexical_Analysis_05__Lexical_Analysis_Part_03.mp4:   3%|▎         | 23/850 [00:07<06:13,  2.21MiB/s]
 uploading compilerdesign_CH_01__Introduction_and_Lexical_Analysis_Introduction_and_Lexical_Analysis_05__Lexical_Analysis_Part_03.mp4:   3%|▎         | 25/850 [00:08<04:51,  2.83MiB/s]
 uploading compilerdesign_CH_01__Introduction_and_Lexical_Analysis_Introduction_and_Lexical_Analysis_05__Lexical_Analysis_Part_03.mp4:   3%|▎         | 28/850 [00:08<03:13,  4.24MiB/s]
 uploading compilerdesign_CH_01__Introduction_and_Lexical_Analysis_Introduction_and_Lexical_Analysis_05__Lexical_Analysis_Part_03.mp4:   4%|▎         | 30/850 [00:08<02:46,  4.93MiB/s]
 uploading compilerdesign_CH_01__Introduction_and_Lexical_Analysis_Introduction_and_Lexical_Analysis_05__Lexical_Analysis_Part_03.mp4:   4%|▍         | 32/850 [00:08<02:20,  5.84MiB/s]
 uploading compilerdesign_CH_01__Introduction_and_Lexical_Analysis_Introduction_and_Lexical_Analysis_05__Lexical_Analysis_Part_03.mp4:   4%|▍         | 34/850 [00:08<02:02,  6.69MiB/s]
 uploading compilerdesign_CH_01__Introduction_and_Lexical_Analysis_Introduction_and_Lexical_Analysis_05__Lexical_Analysis_Part_03.mp4:   4%|▍         | 36/850 [00:09<01:49,  7.46MiB/s]
 uploading compilerdesign_CH_01__Introduction_and_Lexical_Analysis_Introduction_and_Lexical_Analysis_05__Lexical_Analysis_Part_03.mp4:   4%|▍         | 38/850 [00:09<01:37,  8.36MiB/s]
 uploading compilerdesign_CH_01__Introduction_and_Lexical_Analysis_Introduction_and_Lexical_Analysis_05__Lexical_Analysis_Part_03.mp4:   5%|▍         | 40/850 [00:09<01:24,  9.62MiB/s]
 uploading compilerdesign_CH_01__Introduction_and_Lexical_Analysis_Introduction_and_Lexical_Analysis_05__Lexical_Analysis_Part_03.mp4:   5%|▍         | 42/850 [00:09<01:17, 10.48MiB/s]
 uploading compilerdesign_CH_01__Introduction_and_Lexical_Analysis_Introduction_and_Lexical_Analysis_05__Lexical_Analysis_Part_03.mp4:   5%|▌         | 44/850 [00:09<01:13, 10.94MiB/s]
 uploading compilerdesign_CH_01__Introduction_and_Lexical_Analysis_Introduction_and_Lexical_Analysis_05__Lexical_Analysis_Part_03.mp4:   5%|▌         | 46/850 [00:09<01:09, 11.57MiB/s]
 uploading compilerdesign_CH_01__Introduction_and_Lexical_Analysis_Introduction_and_Lexical_Analysis_05__Lexical_Analysis_Part_03.mp4:   6%|▌         | 48/850 [00:09<01:09, 11.50MiB/s]
 uploading compilerdesign_CH_01__Introduction_and_Lexical_Analysis_Introduction_and_Lexical_Analysis_05__Lexical_Analysis_Part_03.mp4:   6%|▌         | 50/850 [00:10<01:15, 10.65MiB/s]
 uploading compilerdesign_CH_01__Introduction_and_Lexical_Analysis_Introduction_and_Lexical_Analysis_05__Lexical_Analysis_Part_03.mp4:   6%|▌         | 52/850 [00:10<01:27,  9.16MiB/s]
 uploading compilerdesign_CH_01__Introduction_and_Lexical_Analysis_Introduction_and_Lexical_Analysis_05__Lexical_Analysis_Part_03.mp4:   6%|▋         | 54/850 [00:10<01:46,  7.49MiB/s]
 uploading compilerdesign_CH_01__Introduction_and_Lexical_Analysis_Introduction_and_Lexical_Analysis_05__Lexical_Analysis_Part_03.mp4:   6%|▋         | 55/850 [00:11<02:05,  6.34MiB/s]
 uploading compilerdesign_CH_01__Introduction_and_Lexical_Analysis_Introduction_and_Lexical_Analysis_05__Lexical_Analysis_Part_03.mp4:   7%|▋         | 56/850 [00:11<02:27,  5.37MiB/s]
 uploading compilerdesign_CH_01__Introduction_and_Lexical_Analysis_Introduction_and_Lexical_Analysis_05__Lexical_Analysis_Part_03.mp4:   7%|▋         | 57/850 [00:11<02:54,  4.55MiB/s]
 uploading compilerdesign_CH_01__Introduction_and_Lexical_Analysis_Introduction_and_Lexical_Analysis_05__Lexical_Analysis_Part_03.mp4:   7%|▋         | 58/850 [00:12<03:21,  3.93MiB/s]
 uploading compilerdesign_CH_01__Introduction_and_Lexical_Analysis_Introduction_and_Lexical_Analysis_05__Lexical_Analysis_Part_03.mp4:   7%|▋         | 59/850 [00:12<03:39,  3.61MiB/s]
 uploading compilerdesign_CH_01__Introduction_and_Lexical_Analysis_Introduction_and_Lexical_Analysis_05__Lexical_Analysis_Part_03.mp4:   7%|▋         | 60/850 [00:12<04:01,  3.27MiB/s]
 uploading compilerdesign_CH_01__Introduction_and_Lexical_Analysis_Introduction_and_Lexical_Analysis_05__Lexical_Analysis_Part_03.mp4:   7%|▋         | 61/850 [00:13<04:40,  2.82MiB/s]
 uploading compilerdesign_CH_01__Introduction_and_Lexical_Analysis_Introduction_and_Lexical_Analysis_05__Lexical_Analysis_Part_03.mp4:   7%|▋         | 62/850 [00:13<04:58,  2.64MiB/s]
 uploading compilerdesign_CH_01__Introduction_and_Lexical_Analysis_Introduction_and_Lexical_Analysis_05__Lexical_Analysis_Part_03.mp4:   7%|▋         | 63/850 [00:14<05:05,  2.57MiB/s]
 uploading compilerdesign_CH_01__Introduction_and_Lexical_Analysis_Introduction_and_Lexical_Analysis_05__Lexical_Analysis_Part_03.mp4:   8%|▊         | 64/850 [00:14<05:12,  2.51MiB/s]
 uploading compilerdesign_CH_01__Introduction_and_Lexical_Analysis_Introduction_and_Lexical_Analysis_05__Lexical_Analysis_Part_03.mp4:   8%|▊         | 65/850 [00:15<05:15,  2.49MiB/s]
 uploading compilerdesign_CH_01__Introduction_and_Lexical_Analysis_Introduction_and_Lexical_Analysis_05__Lexical_Analysis_Part_03.mp4:   8%|▊         | 66/850 [00:15<05:11,  2.52MiB/s]
 uploading compilerdesign_CH_01__Introduction_and_Lexical_Analysis_Introduction_and_Lexical_Analysis_05__Lexical_Analysis_Part_03.mp4:   8%|▊         | 67/850 [00:15<05:15,  2.48MiB/s]
 uploading compilerdesign_CH_01__Introduction_and_Lexical_Analysis_Introduction_and_Lexical_Analysis_05__Lexical_Analysis_Part_03.mp4:   8%|▊         | 68/850 [00:16<05:44,  2.27MiB/s]
 uploading compilerdesign_CH_01__Introduction_and_Lexical_Analysis_Introduction_and_Lexical_Analysis_05__Lexical_Analysis_Part_03.mp4:   8%|▊         | 69/850 [00:16<05:54,  2.21MiB/s]
 uploading compilerdesign_CH_01__Introduction_and_Lexical_Analysis_Introduction_and_Lexical_Analysis_05__Lexical_Analysis_Part_03.mp4:   8%|▊         | 70/850 [00:17<05:53,  2.20MiB/s]
 uploading compilerdesign_CH_01__Introduction_and_Lexical_Analysis_Introduction_and_Lexical_Analysis_05__Lexical_Analysis_Part_03.mp4:   8%|▊         | 71/850 [00:17<05:41,  2.28MiB/s]
 uploading compilerdesign_CH_01__Introduction_and_Lexical_Analysis_Introduction_and_Lexical_Analysis_05__Lexical_Analysis_Part_03.mp4:   8%|▊         | 72/850 [00:18<05:37,  2.31MiB/s]
 uploading compilerdesign_CH_01__Introduction_and_Lexical_Analysis_Introduction_and_Lexical_Analysis_05__Lexical_Analysis_Part_03.mp4:   9%|▊         | 73/850 [00:18<05:29,  2.36MiB/s]
 uploading compilerdesign_CH_01__Introduction_and_Lexical_Analysis_Introduction_and_Lexical_Analysis_05__Lexical_Analysis_Part_03.mp4:   9%|▊         | 74/850 [00:18<05:19,  2.43MiB/s]
 uploading compilerdesign_CH_01__Introduction_and_Lexical_Analysis_Introduction_and_Lexical_Analysis_05__Lexical_Analysis_Part_03.mp4:   9%|▉         | 75/850 [00:19<05:29,  2.35MiB/s]
 uploading compilerdesign_CH_01__Introduction_and_Lexical_Analysis_Introduction_and_Lexical_Analysis_05__Lexical_Analysis_Part_03.mp4:   9%|▉         | 76/850 [00:19<05:34,  2.31MiB/s]
 uploading compilerdesign_CH_01__Introduction_and_Lexical_Analysis_Introduction_and_Lexical_Analysis_05__Lexical_Analysis_Part_03.mp4:   9%|▉         | 77/850 [00:20<05:45,  2.23MiB/s]
 uploading compilerdesign_CH_01__Introduction_and_Lexical_Analysis_Introduction_and_Lexical_Analysis_05__Lexical_Analysis_Part_03.mp4:   9%|▉         | 78/850 [00:20<06:00,  2.14MiB/s]
 uploading compilerdesign_CH_01__Introduction_and_Lexical_Analysis_Introduction_and_Lexical_Analysis_05__Lexical_Analysis_Part_03.mp4:   9%|▉         | 79/850 [00:21<06:24,  2.01MiB/s]
 uploading compilerdesign_CH_01__Introduction_and_Lexical_Analysis_Introduction_and_Lexical_Analysis_05__Lexical_Analysis_Part_03.mp4:   9%|▉         | 80/850 [00:22<07:34,  1.70MiB/s]
 uploading compilerdesign_CH_01__Introduction_and_Lexical_Analysis_Introduction_and_Lexical_Analysis_05__Lexical_Analysis_Part_03.mp4:  10%|▉         | 81/850 [00:22<08:27,  1.52MiB/s]
 uploading compilerdesign_CH_01__Introduction_and_Lexical_Analysis_Introduction_and_Lexical_Analysis_05__Lexical_Analysis_Part_03.mp4:  10%|▉         | 82/850 [00:23<08:44,  1.46MiB/s]
 uploading compilerdesign_CH_01__Introduction_and_Lexical_Analysis_Introduction_and_Lexical_Analysis_05__Lexical_Analysis_Part_03.mp4:  10%|▉         | 83/850 [00:24<08:59,  1.42MiB/s]
 uploading compilerdesign_CH_01__Introduction_and_Lexical_Analysis_Introduction_and_Lexical_Analysis_05__Lexical_Analysis_Part_03.mp4:  10%|▉         | 84/850 [00:25<10:22,  1.23MiB/s]
 uploading compilerdesign_CH_01__Introduction_and_Lexical_Analysis_Introduction_and_Lexical_Analysis_05__Lexical_Analysis_Part_03.mp4:  10%|█         | 85/850 [00:27<14:16,  1.12s/MiB]
 uploading compilerdesign_CH_01__Introduction_and_Lexical_Analysis_Introduction_and_Lexical_Analysis_05__Lexical_Analysis_Part_03.mp4:  10%|█         | 86/850 [00:29<17:49,  1.40s/MiB]
 uploading compilerdesign_CH_01__Introduction_and_Lexical_Analysis_Introduction_and_Lexical_Analysis_05__Lexical_Analysis_Part_03.mp4:  10%|█         | 87/850 [00:31<19:18,  1.52s/MiB]
 uploading compilerdesign_CH_01__Introduction_and_Lexical_Analysis_Introduction_and_Lexical_Analysis_05__Lexical_Analysis_Part_03.mp4:  10%|█         | 88/850 [00:32<19:29,  1.53s/MiB]
 uploading compilerdesign_CH_01__Introduction_and_Lexical_Analysis_Introduction_and_Lexical_Analysis_05__Lexical_Analysis_Part_03.mp4:  10%|█         | 89/850 [00:34<18:25,  1.45s/MiB]
 uploading compilerdesign_CH_01__Introduction_and_Lexical_Analysis_Introduction_and_Lexical_Analysis_05__Lexical_Analysis_Part_03.mp4:  11%|█         | 90/850 [00:35<16:53,  1.33s/MiB]
 uploading compilerdesign_CH_01__Introduction_and_Lexical_Analysis_Introduction_and_Lexical_Analysis_05__Lexical_Analysis_Part_03.mp4:  11%|█         | 91/850 [00:36<15:16,  1.21s/MiB]
 uploading compilerdesign_CH_01__Introduction_and_Lexical_Analysis_Introduction_and_Lexical_Analysis_05__Lexical_Analysis_Part_03.mp4:  11%|█         | 92/850 [00:37<14:40,  1.16s/MiB]
 uploading compilerdesign_CH_01__Introduction_and_Lexical_Analysis_Introduction_and_Lexical_Analysis_05__Lexical_Analysis_Part_03.mp4:  11%|█         | 93/850 [00:37<13:41,  1.09s/MiB]
 uploading compilerdesign_CH_01__Introduction_and_Lexical_Analysis_Introduction_and_Lexical_Analysis_05__Lexical_Analysis_Part_03.mp4:  11%|█         | 94/850 [00:38<12:47,  1.01s/MiB]
 uploading compilerdesign_CH_01__Introduction_and_Lexical_Analysis_Introduction_and_Lexical_Analysis_05__Lexical_Analysis_Part_03.mp4:  11%|█         | 95/850 [00:39<12:03,  1.04MiB/s]
 uploading compilerdesign_CH_01__Introduction_and_Lexical_Analysis_Introduction_and_Lexical_Analysis_05__Lexical_Analysis_Part_03.mp4:  11%|█▏        | 96/850 [00:40<11:23,  1.10MiB/s]
 uploading compilerdesign_CH_01__Introduction_and_Lexical_Analysis_Introduction_and_Lexical_Analysis_05__Lexical_Analysis_Part_03.mp4:  11%|█▏        | 97/850 [00:41<11:24,  1.10MiB/s]
 uploading compilerdesign_CH_01__Introduction_and_Lexical_Analysis_Introduction_and_Lexical_Analysis_05__Lexical_Analysis_Part_03.mp4:  12%|█▏        | 98/850 [00:42<11:51,  1.06MiB/s]
 uploading compilerdesign_CH_01__Introduction_and_Lexical_Analysis_Introduction_and_Lexical_Analysis_05__Lexical_Analysis_Part_03.mp4:  12%|█▏        | 99/850 [00:43<13:06,  1.05s/MiB]
 uploading compilerdesign_CH_01__Introduction_and_Lexical_Analysis_Introduction_and_Lexical_Analysis_05__Lexical_Analysis_Part_03.mp4:  12%|█▏        | 100/850 [00:44<13:43,  1.10s/MiB]
 uploading compilerdesign_CH_01__Introduction_and_Lexical_Analysis_Introduction_and_Lexical_Analysis_05__Lexical_Analysis_Part_03.mp4:  12%|█▏        | 101/850 [00:46<14:07,  1.13s/MiB]
 uploading compilerdesign_CH_01__Introduction_and_Lexical_Analysis_Introduction_and_Lexical_Analysis_05__Lexical_Analysis_Part_03.mp4:  12%|█▏        | 102/850 [00:47<13:54,  1.12s/MiB]
 uploading compilerdesign_CH_01__Introduction_and_Lexical_Analysis_Introduction_and_Lexical_Analysis_05__Lexical_Analysis_Part_03.mp4:  12%|█▏        | 103/850 [00:48<13:08,  1.06s/MiB]
 uploading compilerdesign_CH_01__Introduction_and_Lexical_Analysis_Introduction_and_Lexical_Analysis_05__Lexical_Analysis_Part_03.mp4:  12%|█▏        | 104/850 [00:48<12:21,  1.01MiB/s]
 uploading compilerdesign_CH_01__Introduction_and_Lexical_Analysis_Introduction_and_Lexical_Analysis_05__Lexical_Analysis_Part_03.mp4:  12%|█▏        | 105/850 [00:49<11:45,  1.06MiB/s]
 uploading compilerdesign_CH_01__Introduction_and_Lexical_Analysis_Introduction_and_Lexical_Analysis_05__Lexical_Analysis_Part_03.mp4:  12%|█▏        | 106/850 [00:50<12:02,  1.03MiB/s]
 uploading compilerdesign_CH_01__Introduction_and_Lexical_Analysis_Introduction_and_Lexical_Analysis_05__Lexical_Analysis_Part_03.mp4:  13%|█▎        | 107/850 [00:51<12:35,  1.02s/MiB]
 uploading compilerdesign_CH_01__Introduction_and_Lexical_Analysis_Introduction_and_Lexical_Analysis_05__Lexical_Analysis_Part_03.mp4:  13%|█▎        | 108/850 [00:53<13:01,  1.05s/MiB]
 uploading compilerdesign_CH_01__Introduction_and_Lexical_Analysis_Introduction_and_Lexical_Analysis_05__Lexical_Analysis_Part_03.mp4:  13%|█▎        | 109/850 [00:54<12:59,  1.05s/MiB]
 uploading compilerdesign_CH_01__Introduction_and_Lexical_Analysis_Introduction_and_Lexical_Analysis_05__Lexical_Analysis_Part_03.mp4:  13%|█▎        | 110/850 [00:55<12:42,  1.03s/MiB]
 uploading compilerdesign_CH_01__Introduction_and_Lexical_Analysis_Introduction_and_Lexical_Analysis_05__Lexical_Analysis_Part_03.mp4:  13%|█▎        | 111/850 [00:55<12:00,  1.03MiB/s]
 uploading compilerdesign_CH_01__Introduction_and_Lexical_Analysis_Introduction_and_Lexical_Analysis_05__Lexical_Analysis_Part_03.mp4:  13%|█▎        | 112/850 [00:56<11:13,  1.10MiB/s]
 uploading compilerdesign_CH_01__Introduction_and_Lexical_Analysis_Introduction_and_Lexical_Analysis_05__Lexical_Analysis_Part_03.mp4:  13%|█▎        | 113/850 [00:57<11:48,  1.04MiB/s]
 uploading compilerdesign_CH_01__Introduction_and_Lexical_Analysis_Introduction_and_Lexical_Analysis_05__Lexical_Analysis_Part_03.mp4:  13%|█▎        | 114/850 [00:58<12:37,  1.03s/MiB]
 uploading compilerdesign_CH_01__Introduction_and_Lexical_Analysis_Introduction_and_Lexical_Analysis_05__Lexical_Analysis_Part_03.mp4:  14%|█▎        | 115/850 [01:00<13:27,  1.10s/MiB]
 uploading compilerdesign_CH_01__Introduction_and_Lexical_Analysis_Introduction_and_Lexical_Analysis_05__Lexical_Analysis_Part_03.mp4:  14%|█▎        | 116/850 [01:01<13:43,  1.12s/MiB]
 uploading compilerdesign_CH_01__Introduction_and_Lexical_Analysis_Introduction_and_Lexical_Analysis_05__Lexical_Analysis_Part_03.mp4:  14%|█▍        | 117/850 [01:02<15:01,  1.23s/MiB]
 uploading compilerdesign_CH_01__Introduction_and_Lexical_Analysis_Introduction_and_Lexical_Analysis_05__Lexical_Analysis_Part_03.mp4:  14%|█▍        | 118/850 [01:04<15:31,  1.27s/MiB]
 uploading compilerdesign_CH_01__Introduction_and_Lexical_Analysis_Introduction_and_Lexical_Analysis_05__Lexical_Analysis_Part_03.mp4:  14%|█▍        | 119/850 [01:05<14:55,  1.23s/MiB]
 uploading compilerdesign_CH_01__Introduction_and_Lexical_Analysis_Introduction_and_Lexical_Analysis_05__Lexical_Analysis_Part_03.mp4:  14%|█▍        | 120/850 [01:06<16:17,  1.34s/MiB]
 uploading compilerdesign_CH_01__Introduction_and_Lexical_Analysis_Introduction_and_Lexical_Analysis_05__Lexical_Analysis_Part_03.mp4:  14%|█▍        | 121/850 [01:08<17:59,  1.48s/MiB]
 uploading compilerdesign_CH_01__Introduction_and_Lexical_Analysis_Introduction_and_Lexical_Analysis_05__Lexical_Analysis_Part_03.mp4:  14%|█▍        | 122/850 [01:11<23:49,  1.96s/MiB]
 uploading compilerdesign_CH_01__Introduction_and_Lexical_Analysis_Introduction_and_Lexical_Analysis_05__Lexical_Analysis_Part_03.mp4:  14%|█▍        | 123/850 [01:14<25:12,  2.08s/MiB]
 uploading compilerdesign_CH_01__Introduction_and_Lexical_Analysis_Introduction_and_Lexical_Analysis_05__Lexical_Analysis_Part_03.mp4:  15%|█▍        | 124/850 [01:16<25:12,  2.08s/MiB]
 uploading compilerdesign_CH_01__Introduction_and_Lexical_Analysis_Introduction_and_Lexical_Analysis_05__Lexical_Analysis_Part_03.mp4:  15%|█▍        | 125/850 [01:20<31:58,  2.65s/MiB]
 uploading compilerdesign_CH_01__Introduction_and_Lexical_Analysis_Introduction_and_Lexical_Analysis_05__Lexical_Analysis_Part_03.mp4:  15%|█▍        | 126/850 [01:23<33:27,  2.77s/MiB]
 uploading compilerdesign_CH_01__Introduction_and_Lexical_Analysis_Introduction_and_Lexical_Analysis_05__Lexical_Analysis_Part_03.mp4:  15%|█▍        | 127/850 [01:25<30:13,  2.51s/MiB]
 uploading compilerdesign_CH_01__Introduction_and_Lexical_Analysis_Introduction_and_Lexical_Analysis_05__Lexical_Analysis_Part_03.mp4:  15%|█▌        | 128/850 [01:27<28:25,  2.36s/MiB]
 uploading compilerdesign_CH_01__Introduction_and_Lexical_Analysis_Introduction_and_Lexical_Analysis_05__Lexical_Analysis_Part_03.mp4:  15%|█▌        | 129/850 [01:29<28:07,  2.34s/MiB]
 uploading compilerdesign_CH_01__Introduction_and_Lexical_Analysis_Introduction_and_Lexical_Analysis_05__Lexical_Analysis_Part_03.mp4:  15%|█▌        | 130/850 [01:32<28:58,  2.41s/MiB]
 uploading compilerdesign_CH_01__Introduction_and_Lexical_Analysis_Introduction_and_Lexical_Analysis_05__Lexical_Analysis_Part_03.mp4:  15%|█▌        | 131/850 [01:33<26:43,  2.23s/MiB]
 uploading compilerdesign_CH_01__Introduction_and_Lexical_Analysis_Introduction_and_Lexical_Analysis_05__Lexical_Analysis_Part_03.mp4:  16%|█▌        | 132/850 [01:36<27:38,  2.31s/MiB]
 uploading compilerdesign_CH_01__Introduction_and_Lexical_Analysis_Introduction_and_Lexical_Analysis_05__Lexical_Analysis_Part_03.mp4:  16%|█▌        | 133/850 [01:39<29:22,  2.46s/MiB]
 uploading compilerdesign_CH_01__Introduction_and_Lexical_Analysis_Introduction_and_Lexical_Analysis_05__Lexical_Analysis_Part_03.mp4:  16%|█▌        | 134/850 [01:41<27:15,  2.28s/MiB]
 uploading compilerdesign_CH_01__Introduction_and_Lexical_Analysis_Introduction_and_Lexical_Analysis_05__Lexical_Analysis_Part_03.mp4:  16%|█▌        | 135/850 [01:42<23:51,  2.00s/MiB]
 uploading compilerdesign_CH_01__Introduction_and_Lexical_Analysis_Introduction_and_Lexical_Analysis_05__Lexical_Analysis_Part_03.mp4:  16%|█▌        | 136/850 [01:43<21:28,  1.80s/MiB]
 uploading compilerdesign_CH_01__Introduction_and_Lexical_Analysis_Introduction_and_Lexical_Analysis_05__Lexical_Analysis_Part_03.mp4:  16%|█▌        | 137/850 [01:45<22:40,  1.91s/MiB]
 uploading compilerdesign_CH_01__Introduction_and_Lexical_Analysis_Introduction_and_Lexical_Analysis_05__Lexical_Analysis_Part_03.mp4:  16%|█▌        | 138/850 [01:51<33:52,  2.86s/MiB]
 uploading compilerdesign_CH_01__Introduction_and_Lexical_Analysis_Introduction_and_Lexical_Analysis_05__Lexical_Analysis_Part_03.mp4:  16%|█▋        | 139/850 [01:53<33:09,  2.80s/MiB]
 uploading compilerdesign_CH_01__Introduction_and_Lexical_Analysis_Introduction_and_Lexical_Analysis_05__Lexical_Analysis_Part_03.mp4:  16%|█▋        | 140/850 [01:57<35:52,  3.03s/MiB]
 uploading compilerdesign_CH_01__Introduction_and_Lexical_Analysis_Introduction_and_Lexical_Analysis_05__Lexical_Analysis_Part_03.mp4:  17%|█▋        | 141/850 [02:01<41:46,  3.53s/MiB]
 uploading compilerdesign_CH_01__Introduction_and_Lexical_Analysis_Introduction_and_Lexical_Analysis_05__Lexical_Analysis_Part_03.mp4:  17%|█▋        | 142/850 [02:05<40:11,  3.41s/MiB]
 uploading compilerdesign_CH_01__Introduction_and_Lexical_Analysis_Introduction_and_Lexical_Analysis_05__Lexical_Analysis_Part_03.mp4:  17%|█▋        | 143/850 [02:07<37:46,  3.21s/MiB]
 uploading compilerdesign_CH_01__Introduction_and_Lexical_Analysis_Introduction_and_Lexical_Analysis_05__Lexical_Analysis_Part_03.mp4:  17%|█▋        | 144/850 [02:13<44:45,  3.80s/MiB]
 uploading compilerdesign_CH_01__Introduction_and_Lexical_Analysis_Introduction_and_Lexical_Analysis_05__Lexical_Analysis_Part_03.mp4:  17%|█▋        | 145/850 [02:16<43:08,  3.67s/MiB]
 uploading compilerdesign_CH_01__Introduction_and_Lexical_Analysis_Introduction_and_Lexical_Analysis_05__Lexical_Analysis_Part_03.mp4:  17%|█▋        | 146/850 [02:19<40:30,  3.45s/MiB]
 uploading compilerdesign_CH_01__Introduction_and_Lexical_Analysis_Introduction_and_Lexical_Analysis_05__Lexical_Analysis_Part_03.mp4:  17%|█▋        | 147/850 [02:21<36:48,  3.14s/MiB]
 uploading compilerdesign_CH_01__Introduction_and_Lexical_Analysis_Introduction_and_Lexical_Analysis_05__Lexical_Analysis_Part_03.mp4:  17%|█▋        | 148/850 [02:23<33:19,  2.85s/MiB]
 uploading compilerdesign_CH_01__Introduction_and_Lexical_Analysis_Introduction_and_Lexical_Analysis_05__Lexical_Analysis_Part_03.mp4:  18%|█▊        | 149/850 [02:26<32:07,  2.75s/MiB]
 uploading compilerdesign_CH_01__Introduction_and_Lexical_Analysis_Introduction_and_Lexical_Analysis_05__Lexical_Analysis_Part_03.mp4:  18%|█▊        | 150/850 [02:30<38:09,  3.27s/MiB]
 uploading compilerdesign_CH_01__Introduction_and_Lexical_Analysis_Introduction_and_Lexical_Analysis_05__Lexical_Analysis_Part_03.mp4:  18%|█▊        | 151/850 [02:33<36:23,  3.12s/MiB]
 uploading compilerdesign_CH_01__Introduction_and_Lexical_Analysis_Introduction_and_Lexical_Analysis_05__Lexical_Analysis_Part_03.mp4:  18%|█▊        | 152/850 [02:35<32:08,  2.76s/MiB]
 uploading compilerdesign_CH_01__Introduction_and_Lexical_Analysis_Introduction_and_Lexical_Analysis_05__Lexical_Analysis_Part_03.mp4:  18%|█▊        | 153/850 [02:39<35:53,  3.09s/MiB]
 uploading compilerdesign_CH_01__Introduction_and_Lexical_Analysis_Introduction_and_Lexical_Analysis_05__Lexical_Analysis_Part_03.mp4:  18%|█▊        | 154/850 [02:43<40:26,  3.49s/MiB]
 uploading compilerdesign_CH_01__Introduction_and_Lexical_Analysis_Introduction_and_Lexical_Analysis_05__Lexical_Analysis_Part_03.mp4:  18%|█▊        | 155/850 [02:49<46:44,  4.04s/MiB]
 uploading compilerdesign_CH_01__Introduction_and_Lexical_Analysis_Introduction_and_Lexical_Analysis_05__Lexical_Analysis_Part_03.mp4:  18%|█▊        | 156/850 [02:55<56:04,  4.85s/MiB]
 uploading compilerdesign_CH_01__Introduction_and_Lexical_Analysis_Introduction_and_Lexical_Analysis_05__Lexical_Analysis_Part_03.mp4:  18%|█▊        | 157/850 [03:00<56:10,  4.86s/MiB]
 uploading compilerdesign_CH_01__Introduction_and_Lexical_Analysis_Introduction_and_Lexical_Analysis_05__Lexical_Analysis_Part_03.mp4:  19%|█▊        | 158/850 [03:04<52:06,  4.52s/MiB]
 uploading compilerdesign_CH_01__Introduction_and_Lexical_Analysis_Introduction_and_Lexical_Analysis_05__Lexical_Analysis_Part_03.mp4:  19%|█▊        | 159/850 [03:10<57:43,  5.01s/MiB]
 uploading compilerdesign_CH_01__Introduction_and_Lexical_Analysis_Introduction_and_Lexical_Analysis_05__Lexical_Analysis_Part_03.mp4:  19%|█▉        | 160/850 [03:14<52:54,  4.60s/MiB]
 uploading compilerdesign_CH_01__Introduction_and_Lexical_Analysis_Introduction_and_Lexical_Analysis_05__Lexical_Analysis_Part_03.mp4:  19%|█▉        | 161/850 [03:17<47:43,  4.16s/MiB]
 uploading compilerdesign_CH_01__Introduction_and_Lexical_Analysis_Introduction_and_Lexical_Analysis_05__Lexical_Analysis_Part_03.mp4:  19%|█▉        | 162/850 [03:21<45:58,  4.01s/MiB]
 uploading compilerdesign_CH_01__Introduction_and_Lexical_Analysis_Introduction_and_Lexical_Analysis_05__Lexical_Analysis_Part_03.mp4:  19%|█▉        | 163/850 [03:25<45:54,  4.01s/MiB]
 uploading compilerdesign_CH_01__Introduction_and_Lexical_Analysis_Introduction_and_Lexical_Analysis_05__Lexical_Analysis_Part_03.mp4:  19%|█▉        | 164/850 [03:27<41:27,  3.63s/MiB]
 uploading compilerdesign_CH_01__Introduction_and_Lexical_Analysis_Introduction_and_Lexical_Analysis_05__Lexical_Analysis_Part_03.mp4:  19%|█▉        | 165/850 [03:30<36:11,  3.17s/MiB]
 uploading compilerdesign_CH_01__Introduction_and_Lexical_Analysis_Introduction_and_Lexical_Analysis_05__Lexical_Analysis_Part_03.mp4:  20%|█▉        | 166/850 [03:32<34:21,  3.01s/MiB]
 uploading compilerdesign_CH_01__Introduction_and_Lexical_Analysis_Introduction_and_Lexical_Analysis_05__Lexical_Analysis_Part_03.mp4:  20%|█▉        | 167/850 [03:35<35:11,  3.09s/MiB]
 uploading compilerdesign_CH_01__Introduction_and_Lexical_Analysis_Introduction_and_Lexical_Analysis_05__Lexical_Analysis_Part_03.mp4:  20%|█▉        | 168/850 [03:37<30:59,  2.73s/MiB]
 uploading compilerdesign_CH_01__Introduction_and_Lexical_Analysis_Introduction_and_Lexical_Analysis_05__Lexical_Analysis_Part_03.mp4:  20%|█▉        | 169/850 [03:39<27:08,  2.39s/MiB]
 uploading compilerdesign_CH_01__Introduction_and_Lexical_Analysis_Introduction_and_Lexical_Analysis_05__Lexical_Analysis_Part_03.mp4:  20%|██        | 170/850 [03:40<24:04,  2.12s/MiB]
 uploading compilerdesign_CH_01__Introduction_and_Lexical_Analysis_Introduction_and_Lexical_Analysis_05__Lexical_Analysis_Part_03.mp4:  20%|██        | 171/850 [03:42<20:58,  1.85s/MiB]
 uploading compilerdesign_CH_01__Introduction_and_Lexical_Analysis_Introduction_and_Lexical_Analysis_05__Lexical_Analysis_Part_03.mp4:  20%|██        | 172/850 [03:43<19:32,  1.73s/MiB]
 uploading compilerdesign_CH_01__Introduction_and_Lexical_Analysis_Introduction_and_Lexical_Analysis_05__Lexical_Analysis_Part_03.mp4:  20%|██        | 173/850 [03:45<21:36,  1.92s/MiB]
 uploading compilerdesign_CH_01__Introduction_and_Lexical_Analysis_Introduction_and_Lexical_Analysis_05__Lexical_Analysis_Part_03.mp4:  20%|██        | 174/850 [03:47<20:06,  1.79s/MiB]
 uploading compilerdesign_CH_01__Introduction_and_Lexical_Analysis_Introduction_and_Lexical_Analysis_05__Lexical_Analysis_Part_03.mp4:  21%|██        | 175/850 [03:48<18:45,  1.67s/MiB]
 uploading compilerdesign_CH_01__Introduction_and_Lexical_Analysis_Introduction_and_Lexical_Analysis_05__Lexical_Analysis_Part_03.mp4:  21%|██        | 176/850 [03:50<18:05,  1.61s/MiB]
 uploading compilerdesign_CH_01__Introduction_and_Lexical_Analysis_Introduction_and_Lexical_Analysis_05__Lexical_Analysis_Part_03.mp4:  21%|██        | 177/850 [03:52<18:30,  1.65s/MiB]
 uploading compilerdesign_CH_01__Introduction_and_Lexical_Analysis_Introduction_and_Lexical_Analysis_05__Lexical_Analysis_Part_03.mp4:  21%|██        | 178/850 [03:54<20:26,  1.83s/MiB]
 uploading compilerdesign_CH_01__Introduction_and_Lexical_Analysis_Introduction_and_Lexical_Analysis_05__Lexical_Analysis_Part_03.mp4:  21%|██        | 179/850 [03:56<22:29,  2.01s/MiB]
 uploading compilerdesign_CH_01__Introduction_and_Lexical_Analysis_Introduction_and_Lexical_Analysis_05__Lexical_Analysis_Part_03.mp4:  21%|██        | 180/850 [03:59<25:31,  2.29s/MiB]
 uploading compilerdesign_CH_01__Introduction_and_Lexical_Analysis_Introduction_and_Lexical_Analysis_05__Lexical_Analysis_Part_03.mp4:  21%|██▏       | 181/850 [04:01<23:27,  2.10s/MiB]
 uploading compilerdesign_CH_01__Introduction_and_Lexical_Analysis_Introduction_and_Lexical_Analysis_05__Lexical_Analysis_Part_03.mp4:  21%|██▏       | 182/850 [04:02<20:42,  1.86s/MiB]
 uploading compilerdesign_CH_01__Introduction_and_Lexical_Analysis_Introduction_and_Lexical_Analysis_05__Lexical_Analysis_Part_03.mp4:  22%|██▏       | 183/850 [04:03<18:19,  1.65s/MiB]
 uploading compilerdesign_CH_01__Introduction_and_Lexical_Analysis_Introduction_and_Lexical_Analysis_05__Lexical_Analysis_Part_03.mp4:  22%|██▏       | 184/850 [04:05<17:41,  1.59s/MiB]
 uploading compilerdesign_CH_01__Introduction_and_Lexical_Analysis_Introduction_and_Lexical_Analysis_05__Lexical_Analysis_Part_03.mp4:  22%|██▏       | 185/850 [04:06<16:27,  1.48s/MiB]
 uploading compilerdesign_CH_01__Introduction_and_Lexical_Analysis_Introduction_and_Lexical_Analysis_05__Lexical_Analysis_Part_03.mp4:  22%|██▏       | 186/850 [04:08<16:50,  1.52s/MiB]
 uploading compilerdesign_CH_01__Introduction_and_Lexical_Analysis_Introduction_and_Lexical_Analysis_05__Lexical_Analysis_Part_03.mp4:  22%|██▏       | 187/850 [04:10<19:32,  1.77s/MiB]
 uploading compilerdesign_CH_01__Introduction_and_Lexical_Analysis_Introduction_and_Lexical_Analysis_05__Lexical_Analysis_Part_03.mp4:  22%|██▏       | 188/850 [04:12<20:30,  1.86s/MiB]
 uploading compilerdesign_CH_01__Introduction_and_Lexical_Analysis_Introduction_and_Lexical_Analysis_05__Lexical_Analysis_Part_03.mp4:  22%|██▏       | 189/850 [04:14<20:51,  1.89s/MiB]
 uploading compilerdesign_CH_01__Introduction_and_Lexical_Analysis_Introduction_and_Lexical_Analysis_05__Lexical_Analysis_Part_03.mp4:  22%|██▏       | 190/850 [04:16<21:09,  1.92s/MiB]
 uploading compilerdesign_CH_01__Introduction_and_Lexical_Analysis_Introduction_and_Lexical_Analysis_05__Lexical_Analysis_Part_03.mp4:  22%|██▏       | 191/850 [04:17<19:40,  1.79s/MiB]
 uploading compilerdesign_CH_01__Introduction_and_Lexical_Analysis_Introduction_and_Lexical_Analysis_05__Lexical_Analysis_Part_03.mp4:  23%|██▎       | 192/850 [04:19<18:45,  1.71s/MiB]
 uploading compilerdesign_CH_01__Introduction_and_Lexical_Analysis_Introduction_and_Lexical_Analysis_05__Lexical_Analysis_Part_03.mp4:  23%|██▎       | 193/850 [04:21<19:55,  1.82s/MiB]
 uploading compilerdesign_CH_01__Introduction_and_Lexical_Analysis_Introduction_and_Lexical_Analysis_05__Lexical_Analysis_Part_03.mp4:  23%|██▎       | 194/850 [04:23<18:59,  1.74s/MiB]
 uploading compilerdesign_CH_01__Introduction_and_Lexical_Analysis_Introduction_and_Lexical_Analysis_05__Lexical_Analysis_Part_03.mp4:  23%|██▎       | 195/850 [04:24<19:02,  1.74s/MiB]
 uploading compilerdesign_CH_01__Introduction_and_Lexical_Analysis_Introduction_and_Lexical_Analysis_05__Lexical_Analysis_Part_03.mp4:  23%|██▎       | 196/850 [04:26<20:11,  1.85s/MiB]
 uploading compilerdesign_CH_01__Introduction_and_Lexical_Analysis_Introduction_and_Lexical_Analysis_05__Lexical_Analysis_Part_03.mp4:  23%|██▎       | 197/850 [04:29<21:10,  1.95s/MiB]
 uploading compilerdesign_CH_01__Introduction_and_Lexical_Analysis_Introduction_and_Lexical_Analysis_05__Lexical_Analysis_Part_03.mp4:  23%|██▎       | 198/850 [04:30<19:39,  1.81s/MiB]
 uploading compilerdesign_CH_01__Introduction_and_Lexical_Analysis_Introduction_and_Lexical_Analysis_05__Lexical_Analysis_Part_03.mp4:  23%|██▎       | 199/850 [04:31<17:47,  1.64s/MiB]
 uploading compilerdesign_CH_01__Introduction_and_Lexical_Analysis_Introduction_and_Lexical_Analysis_05__Lexical_Analysis_Part_03.mp4:  24%|██▎       | 200/850 [04:33<17:47,  1.64s/MiB]
 uploading compilerdesign_CH_01__Introduction_and_Lexical_Analysis_Introduction_and_Lexical_Analysis_05__Lexical_Analysis_Part_03.mp4:  24%|██▎       | 201/850 [04:34<16:43,  1.55s/MiB]
 uploading compilerdesign_CH_01__Introduction_and_Lexical_Analysis_Introduction_and_Lexical_Analysis_05__Lexical_Analysis_Part_03.mp4:  24%|██▍       | 202/850 [04:36<16:41,  1.55s/MiB]
 uploading compilerdesign_CH_01__Introduction_and_Lexical_Analysis_Introduction_and_Lexical_Analysis_05__Lexical_Analysis_Part_03.mp4:  24%|██▍       | 203/850 [04:38<17:23,  1.61s/MiB]
 uploading compilerdesign_CH_01__Introduction_and_Lexical_Analysis_Introduction_and_Lexical_Analysis_05__Lexical_Analysis_Part_03.mp4:  24%|██▍       | 204/850 [04:39<17:55,  1.67s/MiB]
 uploading compilerdesign_CH_01__Introduction_and_Lexical_Analysis_Introduction_and_Lexical_Analysis_05__Lexical_Analysis_Part_03.mp4:  24%|██▍       | 205/850 [04:41<18:52,  1.76s/MiB]
 uploading compilerdesign_CH_01__Introduction_and_Lexical_Analysis_Introduction_and_Lexical_Analysis_05__Lexical_Analysis_Part_03.mp4:  24%|██▍       | 206/850 [04:43<19:05,  1.78s/MiB]
 uploading compilerdesign_CH_01__Introduction_and_Lexical_Analysis_Introduction_and_Lexical_Analysis_05__Lexical_Analysis_Part_03.mp4:  24%|██▍       | 207/850 [04:45<18:39,  1.74s/MiB]
 uploading compilerdesign_CH_01__Introduction_and_Lexical_Analysis_Introduction_and_Lexical_Analysis_05__Lexical_Analysis_Part_03.mp4:  24%|██▍       | 208/850 [04:46<17:07,  1.60s/MiB]
 uploading compilerdesign_CH_01__Introduction_and_Lexical_Analysis_Introduction_and_Lexical_Analysis_05__Lexical_Analysis_Part_03.mp4:  25%|██▍       | 209/850 [04:47<15:26,  1.45s/MiB]
 uploading compilerdesign_CH_01__Introduction_and_Lexical_Analysis_Introduction_and_Lexical_Analysis_05__Lexical_Analysis_Part_03.mp4:  25%|██▍       | 210/850 [04:48<13:41,  1.28s/MiB]
 uploading compilerdesign_CH_01__Introduction_and_Lexical_Analysis_Introduction_and_Lexical_Analysis_05__Lexical_Analysis_Part_03.mp4:  25%|██▍       | 211/850 [04:49<12:55,  1.21s/MiB]
 uploading compilerdesign_CH_01__Introduction_and_Lexical_Analysis_Introduction_and_Lexical_Analysis_05__Lexical_Analysis_Part_03.mp4:  25%|██▍       | 212/850 [04:50<12:18,  1.16s/MiB]
 uploading compilerdesign_CH_01__Introduction_and_Lexical_Analysis_Introduction_and_Lexical_Analysis_05__Lexical_Analysis_Part_03.mp4:  25%|██▌       | 213/850 [04:52<13:52,  1.31s/MiB]
 uploading compilerdesign_CH_01__Introduction_and_Lexical_Analysis_Introduction_and_Lexical_Analysis_05__Lexical_Analysis_Part_03.mp4:  25%|██▌       | 214/850 [04:54<15:35,  1.47s/MiB]
 uploading compilerdesign_CH_01__Introduction_and_Lexical_Analysis_Introduction_and_Lexical_Analysis_05__Lexical_Analysis_Part_03.mp4:  25%|██▌       | 215/850 [04:56<17:19,  1.64s/MiB]
 uploading compilerdesign_CH_01__Introduction_and_Lexical_Analysis_Introduction_and_Lexical_Analysis_05__Lexical_Analysis_Part_03.mp4:  25%|██▌       | 216/850 [04:58<19:45,  1.87s/MiB]
 uploading compilerdesign_CH_01__Introduction_and_Lexical_Analysis_Introduction_and_Lexical_Analysis_05__Lexical_Analysis_Part_03.mp4:  26%|██▌       | 217/850 [05:01<22:21,  2.12s/MiB]
 uploading compilerdesign_CH_01__Introduction_and_Lexical_Analysis_Introduction_and_Lexical_Analysis_05__Lexical_Analysis_Part_03.mp4:  26%|██▌       | 218/850 [05:03<21:13,  2.01s/MiB]
 uploading compilerdesign_CH_01__Introduction_and_Lexical_Analysis_Introduction_and_Lexical_Analysis_05__Lexical_Analysis_Part_03.mp4:  26%|██▌       | 219/850 [05:04<18:50,  1.79s/MiB]
 uploading compilerdesign_CH_01__Introduction_and_Lexical_Analysis_Introduction_and_Lexical_Analysis_05__Lexical_Analysis_Part_03.mp4:  26%|██▌       | 220/850 [05:05<16:41,  1.59s/MiB]
 uploading compilerdesign_CH_01__Introduction_and_Lexical_Analysis_Introduction_and_Lexical_Analysis_05__Lexical_Analysis_Part_03.mp4:  26%|██▌       | 221/850 [05:06<16:09,  1.54s/MiB]
 uploading compilerdesign_CH_01__Introduction_and_Lexical_Analysis_Introduction_and_Lexical_Analysis_05__Lexical_Analysis_Part_03.mp4:  26%|██▌       | 222/850 [05:08<17:19,  1.66s/MiB]
 uploading compilerdesign_CH_01__Introduction_and_Lexical_Analysis_Introduction_and_Lexical_Analysis_05__Lexical_Analysis_Part_03.mp4:  26%|██▌       | 223/850 [05:10<18:34,  1.78s/MiB]
 uploading compilerdesign_CH_01__Introduction_and_Lexical_Analysis_Introduction_and_Lexical_Analysis_05__Lexical_Analysis_Part_03.mp4:  26%|██▋       | 224/850 [05:12<18:53,  1.81s/MiB]
 uploading compilerdesign_CH_01__Introduction_and_Lexical_Analysis_Introduction_and_Lexical_Analysis_05__Lexical_Analysis_Part_03.mp4:  26%|██▋       | 225/850 [05:14<18:15,  1.75s/MiB]
 uploading compilerdesign_CH_01__Introduction_and_Lexical_Analysis_Introduction_and_Lexical_Analysis_05__Lexical_Analysis_Part_03.mp4:  27%|██▋       | 226/850 [05:16<20:17,  1.95s/MiB]
 uploading compilerdesign_CH_01__Introduction_and_Lexical_Analysis_Introduction_and_Lexical_Analysis_05__Lexical_Analysis_Part_03.mp4:  27%|██▋       | 227/850 [05:18<20:05,  1.94s/MiB]
 uploading compilerdesign_CH_01__Introduction_and_Lexical_Analysis_Introduction_and_Lexical_Analysis_05__Lexical_Analysis_Part_03.mp4:  27%|██▋       | 228/850 [05:20<20:25,  1.97s/MiB]
 uploading compilerdesign_CH_01__Introduction_and_Lexical_Analysis_Introduction_and_Lexical_Analysis_05__Lexical_Analysis_Part_03.mp4:  27%|██▋       | 229/850 [05:22<18:53,  1.82s/MiB]
 uploading compilerdesign_CH_01__Introduction_and_Lexical_Analysis_Introduction_and_Lexical_Analysis_05__Lexical_Analysis_Part_03.mp4:  27%|██▋       | 230/850 [05:23<17:32,  1.70s/MiB]
 uploading compilerdesign_CH_01__Introduction_and_Lexical_Analysis_Introduction_and_Lexical_Analysis_05__Lexical_Analysis_Part_03.mp4:  27%|██▋       | 231/850 [05:25<17:04,  1.66s/MiB]
 uploading compilerdesign_CH_01__Introduction_and_Lexical_Analysis_Introduction_and_Lexical_Analysis_05__Lexical_Analysis_Part_03.mp4:  27%|██▋       | 232/850 [05:27<18:03,  1.75s/MiB]
 uploading compilerdesign_CH_01__Introduction_and_Lexical_Analysis_Introduction_and_Lexical_Analysis_05__Lexical_Analysis_Part_03.mp4:  27%|██▋       | 233/850 [05:29<20:50,  2.03s/MiB]
 uploading compilerdesign_CH_01__Introduction_and_Lexical_Analysis_Introduction_and_Lexical_Analysis_05__Lexical_Analysis_Part_03.mp4:  28%|██▊       | 234/850 [05:31<20:48,  2.03s/MiB]
 uploading compilerdesign_CH_01__Introduction_and_Lexical_Analysis_Introduction_and_Lexical_Analysis_05__Lexical_Analysis_Part_03.mp4:  28%|██▊       | 235/850 [05:33<19:50,  1.94s/MiB]
 uploading compilerdesign_CH_01__Introduction_and_Lexical_Analysis_Introduction_and_Lexical_Analysis_05__Lexical_Analysis_Part_03.mp4:  28%|██▊       | 236/850 [05:35<20:45,  2.03s/MiB]
 uploading compilerdesign_CH_01__Introduction_and_Lexical_Analysis_Introduction_and_Lexical_Analysis_05__Lexical_Analysis_Part_03.mp4:  28%|██▊       | 237/850 [05:38<23:27,  2.30s/MiB]
 uploading compilerdesign_CH_01__Introduction_and_Lexical_Analysis_Introduction_and_Lexical_Analysis_05__Lexical_Analysis_Part_03.mp4:  28%|██▊       | 238/850 [05:40<21:51,  2.14s/MiB]
 uploading compilerdesign_CH_01__Introduction_and_Lexical_Analysis_Introduction_and_Lexical_Analysis_05__Lexical_Analysis_Part_03.mp4:  28%|██▊       | 239/850 [05:42<22:01,  2.16s/MiB]
 uploading compilerdesign_CH_01__Introduction_and_Lexical_Analysis_Introduction_and_Lexical_Analysis_05__Lexical_Analysis_Part_03.mp4:  28%|██▊       | 240/850 [05:44<21:04,  2.07s/MiB]
 uploading compilerdesign_CH_01__Introduction_and_Lexical_Analysis_Introduction_and_Lexical_Analysis_05__Lexical_Analysis_Part_03.mp4:  28%|██▊       | 241/850 [05:45<18:46,  1.85s/MiB]
 uploading compilerdesign_CH_01__Introduction_and_Lexical_Analysis_Introduction_and_Lexical_Analysis_05__Lexical_Analysis_Part_03.mp4:  28%|██▊       | 242/850 [05:47<16:23,  1.62s/MiB]
 uploading compilerdesign_CH_01__Introduction_and_Lexical_Analysis_Introduction_and_Lexical_Analysis_05__Lexical_Analysis_Part_03.mp4:  29%|██▊       | 243/850 [05:47<14:19,  1.42s/MiB]
 uploading compilerdesign_CH_01__Introduction_and_Lexical_Analysis_Introduction_and_Lexical_Analysis_05__Lexical_Analysis_Part_03.mp4:  29%|██▊       | 244/850 [05:48<12:45,  1.26s/MiB]
 uploading compilerdesign_CH_01__Introduction_and_Lexical_Analysis_Introduction_and_Lexical_Analysis_05__Lexical_Analysis_Part_03.mp4:  29%|██▉       | 245/850 [05:49<11:44,  1.16s/MiB]
 uploading compilerdesign_CH_01__Introduction_and_Lexical_Analysis_Introduction_and_Lexical_Analysis_05__Lexical_Analysis_Part_03.mp4:  29%|██▉       | 246/850 [05:51<12:08,  1.21s/MiB]
 uploading compilerdesign_CH_01__Introduction_and_Lexical_Analysis_Introduction_and_Lexical_Analysis_05__Lexical_Analysis_Part_03.mp4:  29%|██▉       | 247/850 [05:52<13:19,  1.33s/MiB]
 uploading compilerdesign_CH_01__Introduction_and_Lexical_Analysis_Introduction_and_Lexical_Analysis_05__Lexical_Analysis_Part_03.mp4:  29%|██▉       | 248/850 [05:54<13:29,  1.35s/MiB]
 uploading compilerdesign_CH_01__Introduction_and_Lexical_Analysis_Introduction_and_Lexical_Analysis_05__Lexical_Analysis_Part_03.mp4:  29%|██▉       | 249/850 [05:56<16:20,  1.63s/MiB]
 uploading compilerdesign_CH_01__Introduction_and_Lexical_Analysis_Introduction_and_Lexical_Analysis_05__Lexical_Analysis_Part_03.mp4:  29%|██▉       | 250/850 [05:58<18:54,  1.89s/MiB]
 uploading compilerdesign_CH_01__Introduction_and_Lexical_Analysis_Introduction_and_Lexical_Analysis_05__Lexical_Analysis_Part_03.mp4:  30%|██▉       | 251/850 [06:00<17:48,  1.78s/MiB]
 uploading compilerdesign_CH_01__Introduction_and_Lexical_Analysis_Introduction_and_Lexical_Analysis_05__Lexical_Analysis_Part_03.mp4:  30%|██▉       | 252/850 [06:01<15:56,  1.60s/MiB]
 uploading compilerdesign_CH_01__Introduction_and_Lexical_Analysis_Introduction_and_Lexical_Analysis_05__Lexical_Analysis_Part_03.mp4:  30%|██▉       | 253/850 [06:02<14:57,  1.50s/MiB]
 uploading compilerdesign_CH_01__Introduction_and_Lexical_Analysis_Introduction_and_Lexical_Analysis_05__Lexical_Analysis_Part_03.mp4:  30%|██▉       | 254/850 [06:03<13:34,  1.37s/MiB]
 uploading compilerdesign_CH_01__Introduction_and_Lexical_Analysis_Introduction_and_Lexical_Analysis_05__Lexical_Analysis_Part_03.mp4:  30%|███       | 255/850 [06:04<12:30,  1.26s/MiB]
 uploading compilerdesign_CH_01__Introduction_and_Lexical_Analysis_Introduction_and_Lexical_Analysis_05__Lexical_Analysis_Part_03.mp4:  30%|███       | 256/850 [06:05<11:38,  1.18s/MiB]
 uploading compilerdesign_CH_01__Introduction_and_Lexical_Analysis_Introduction_and_Lexical_Analysis_05__Lexical_Analysis_Part_03.mp4:  30%|███       | 257/850 [06:06<10:57,  1.11s/MiB]
 uploading compilerdesign_CH_01__Introduction_and_Lexical_Analysis_Introduction_and_Lexical_Analysis_05__Lexical_Analysis_Part_03.mp4:  30%|███       | 258/850 [06:07<10:21,  1.05s/MiB]
 uploading compilerdesign_CH_01__Introduction_and_Lexical_Analysis_Introduction_and_Lexical_Analysis_05__Lexical_Analysis_Part_03.mp4:  30%|███       | 259/850 [06:09<11:04,  1.12s/MiB]
 uploading compilerdesign_CH_01__Introduction_and_Lexical_Analysis_Introduction_and_Lexical_Analysis_05__Lexical_Analysis_Part_03.mp4:  31%|███       | 260/850 [06:10<11:30,  1.17s/MiB]
 uploading compilerdesign_CH_01__Introduction_and_Lexical_Analysis_Introduction_and_Lexical_Analysis_05__Lexical_Analysis_Part_03.mp4:  31%|███       | 261/850 [06:11<12:04,  1.23s/MiB]
 uploading compilerdesign_CH_01__Introduction_and_Lexical_Analysis_Introduction_and_Lexical_Analysis_05__Lexical_Analysis_Part_03.mp4:  31%|███       | 262/850 [06:13<12:22,  1.26s/MiB]
 uploading compilerdesign_CH_01__Introduction_and_Lexical_Analysis_Introduction_and_Lexical_Analysis_05__Lexical_Analysis_Part_03.mp4:  31%|███       | 263/850 [06:14<12:44,  1.30s/MiB]
 uploading compilerdesign_CH_01__Introduction_and_Lexical_Analysis_Introduction_and_Lexical_Analysis_05__Lexical_Analysis_Part_03.mp4:  31%|███       | 264/850 [06:15<12:53,  1.32s/MiB]
 uploading compilerdesign_CH_01__Introduction_and_Lexical_Analysis_Introduction_and_Lexical_Analysis_05__Lexical_Analysis_Part_03.mp4:  31%|███       | 265/850 [06:16<12:15,  1.26s/MiB]
 uploading compilerdesign_CH_01__Introduction_and_Lexical_Analysis_Introduction_and_Lexical_Analysis_05__Lexical_Analysis_Part_03.mp4:  31%|███▏      | 266/850 [06:18<12:01,  1.24s/MiB]
 uploading compilerdesign_CH_01__Introduction_and_Lexical_Analysis_Introduction_and_Lexical_Analysis_05__Lexical_Analysis_Part_03.mp4:  31%|███▏      | 267/850 [06:19<12:22,  1.27s/MiB]
 uploading compilerdesign_CH_01__Introduction_and_Lexical_Analysis_Introduction_and_Lexical_Analysis_05__Lexical_Analysis_Part_03.mp4:  32%|███▏      | 268/850 [06:20<12:13,  1.26s/MiB]
 uploading compilerdesign_CH_01__Introduction_and_Lexical_Analysis_Introduction_and_Lexical_Analysis_05__Lexical_Analysis_Part_03.mp4:  32%|███▏      | 269/850 [06:21<12:03,  1.25s/MiB]
 uploading compilerdesign_CH_01__Introduction_and_Lexical_Analysis_Introduction_and_Lexical_Analysis_05__Lexical_Analysis_Part_03.mp4:  32%|███▏      | 270/850 [06:23<11:53,  1.23s/MiB]
 uploading compilerdesign_CH_01__Introduction_and_Lexical_Analysis_Introduction_and_Lexical_Analysis_05__Lexical_Analysis_Part_03.mp4:  32%|███▏      | 271/850 [06:24<11:54,  1.23s/MiB]
 uploading compilerdesign_CH_01__Introduction_and_Lexical_Analysis_Introduction_and_Lexical_Analysis_05__Lexical_Analysis_Part_03.mp4:  32%|███▏      | 272/850 [06:25<11:22,  1.18s/MiB]
 uploading compilerdesign_CH_01__Introduction_and_Lexical_Analysis_Introduction_and_Lexical_Analysis_05__Lexical_Analysis_Part_03.mp4:  32%|███▏      | 273/850 [06:26<10:48,  1.12s/MiB]
 uploading compilerdesign_CH_01__Introduction_and_Lexical_Analysis_Introduction_and_Lexical_Analysis_05__Lexical_Analysis_Part_03.mp4:  32%|███▏      | 274/850 [06:27<10:08,  1.06s/MiB]
 uploading compilerdesign_CH_01__Introduction_and_Lexical_Analysis_Introduction_and_Lexical_Analysis_05__Lexical_Analysis_Part_03.mp4:  32%|███▏      | 275/850 [06:28<09:55,  1.04s/MiB]
 uploading compilerdesign_CH_01__Introduction_and_Lexical_Analysis_Introduction_and_Lexical_Analysis_05__Lexical_Analysis_Part_03.mp4:  32%|███▏      | 276/850 [06:29<09:31,  1.00MiB/s]
 uploading compilerdesign_CH_01__Introduction_and_Lexical_Analysis_Introduction_and_Lexical_Analysis_05__Lexical_Analysis_Part_03.mp4:  33%|███▎      | 277/850 [06:30<09:11,  1.04MiB/s]
 uploading compilerdesign_CH_01__Introduction_and_Lexical_Analysis_Introduction_and_Lexical_Analysis_05__Lexical_Analysis_Part_03.mp4:  33%|███▎      | 278/850 [06:31<09:45,  1.02s/MiB]
 uploading compilerdesign_CH_01__Introduction_and_Lexical_Analysis_Introduction_and_Lexical_Analysis_05__Lexical_Analysis_Part_03.mp4:  33%|███▎      | 279/850 [06:32<10:54,  1.15s/MiB]
 uploading compilerdesign_CH_01__Introduction_and_Lexical_Analysis_Introduction_and_Lexical_Analysis_05__Lexical_Analysis_Part_03.mp4:  33%|███▎      | 280/850 [06:34<11:40,  1.23s/MiB]
 uploading compilerdesign_CH_01__Introduction_and_Lexical_Analysis_Introduction_and_Lexical_Analysis_05__Lexical_Analysis_Part_03.mp4:  33%|███▎      | 281/850 [06:35<11:47,  1.24s/MiB]
 uploading compilerdesign_CH_01__Introduction_and_Lexical_Analysis_Introduction_and_Lexical_Analysis_05__Lexical_Analysis_Part_03.mp4:  33%|███▎      | 282/850 [06:36<11:48,  1.25s/MiB]
 uploading compilerdesign_CH_01__Introduction_and_Lexical_Analysis_Introduction_and_Lexical_Analysis_05__Lexical_Analysis_Part_03.mp4:  33%|███▎      | 283/850 [06:38<12:36,  1.33s/MiB]
 uploading compilerdesign_CH_01__Introduction_and_Lexical_Analysis_Introduction_and_Lexical_Analysis_05__Lexical_Analysis_Part_03.mp4:  33%|███▎      | 284/850 [06:40<14:45,  1.56s/MiB]
 uploading compilerdesign_CH_01__Introduction_and_Lexical_Analysis_Introduction_and_Lexical_Analysis_05__Lexical_Analysis_Part_03.mp4:  34%|███▎      | 285/850 [06:42<15:52,  1.69s/MiB]
 uploading compilerdesign_CH_01__Introduction_and_Lexical_Analysis_Introduction_and_Lexical_Analysis_05__Lexical_Analysis_Part_03.mp4:  34%|███▎      | 286/850 [06:44<17:26,  1.86s/MiB]
 uploading compilerdesign_CH_01__Introduction_and_Lexical_Analysis_Introduction_and_Lexical_Analysis_05__Lexical_Analysis_Part_03.mp4:  34%|███▍      | 287/850 [06:46<18:51,  2.01s/MiB]
 uploading compilerdesign_CH_01__Introduction_and_Lexical_Analysis_Introduction_and_Lexical_Analysis_05__Lexical_Analysis_Part_03.mp4:  34%|███▍      | 288/850 [06:48<17:14,  1.84s/MiB]
 uploading compilerdesign_CH_01__Introduction_and_Lexical_Analysis_Introduction_and_Lexical_Analysis_05__Lexical_Analysis_Part_03.mp4:  34%|███▍      | 289/850 [06:49<15:05,  1.61s/MiB]
 uploading compilerdesign_CH_01__Introduction_and_Lexical_Analysis_Introduction_and_Lexical_Analysis_05__Lexical_Analysis_Part_03.mp4:  34%|███▍      | 290/850 [06:50<14:17,  1.53s/MiB]
 uploading compilerdesign_CH_01__Introduction_and_Lexical_Analysis_Introduction_and_Lexical_Analysis_05__Lexical_Analysis_Part_03.mp4:  34%|███▍      | 291/850 [06:53<17:04,  1.83s/MiB]
 uploading compilerdesign_CH_01__Introduction_and_Lexical_Analysis_Introduction_and_Lexical_Analysis_05__Lexical_Analysis_Part_03.mp4:  34%|███▍      | 292/850 [06:57<22:22,  2.41s/MiB]
 uploading compilerdesign_CH_01__Introduction_and_Lexical_Analysis_Introduction_and_Lexical_Analysis_05__Lexical_Analysis_Part_03.mp4:  34%|███▍      | 293/850 [06:58<20:54,  2.25s/MiB]
 uploading compilerdesign_CH_01__Introduction_and_Lexical_Analysis_Introduction_and_Lexical_Analysis_05__Lexical_Analysis_Part_03.mp4:  35%|███▍      | 294/850 [07:01<20:40,  2.23s/MiB]
 uploading compilerdesign_CH_01__Introduction_and_Lexical_Analysis_Introduction_and_Lexical_Analysis_05__Lexical_Analysis_Part_03.mp4:  35%|███▍      | 295/850 [07:02<19:38,  2.12s/MiB]
 uploading compilerdesign_CH_01__Introduction_and_Lexical_Analysis_Introduction_and_Lexical_Analysis_05__Lexical_Analysis_Part_03.mp4:  35%|███▍      | 296/850 [07:04<18:08,  1.96s/MiB]
 uploading compilerdesign_CH_01__Introduction_and_Lexical_Analysis_Introduction_and_Lexical_Analysis_05__Lexical_Analysis_Part_03.mp4:  35%|███▍      | 297/850 [07:06<17:34,  1.91s/MiB]
 uploading compilerdesign_CH_01__Introduction_and_Lexical_Analysis_Introduction_and_Lexical_Analysis_05__Lexical_Analysis_Part_03.mp4:  35%|███▌      | 298/850 [07:09<20:47,  2.26s/MiB]
 uploading compilerdesign_CH_01__Introduction_and_Lexical_Analysis_Introduction_and_Lexical_Analysis_05__Lexical_Analysis_Part_03.mp4:  35%|███▌      | 299/850 [07:11<20:13,  2.20s/MiB]
 uploading compilerdesign_CH_01__Introduction_and_Lexical_Analysis_Introduction_and_Lexical_Analysis_05__Lexical_Analysis_Part_03.mp4:  35%|███▌      | 300/850 [07:12<17:58,  1.96s/MiB]
 uploading compilerdesign_CH_01__Introduction_and_Lexical_Analysis_Introduction_and_Lexical_Analysis_05__Lexical_Analysis_Part_03.mp4:  35%|███▌      | 301/850 [07:14<16:14,  1.77s/MiB]
 uploading compilerdesign_CH_01__Introduction_and_Lexical_Analysis_Introduction_and_Lexical_Analysis_05__Lexical_Analysis_Part_03.mp4:  36%|███▌      | 302/850 [07:15<14:21,  1.57s/MiB]
 uploading compilerdesign_CH_01__Introduction_and_Lexical_Analysis_Introduction_and_Lexical_Analysis_05__Lexical_Analysis_Part_03.mp4:  36%|███▌      | 303/850 [07:16<14:22,  1.58s/MiB]
 uploading compilerdesign_CH_01__Introduction_and_Lexical_Analysis_Introduction_and_Lexical_Analysis_05__Lexical_Analysis_Part_03.mp4:  36%|███▌      | 304/850 [07:18<13:33,  1.49s/MiB]
 uploading compilerdesign_CH_01__Introduction_and_Lexical_Analysis_Introduction_and_Lexical_Analysis_05__Lexical_Analysis_Part_03.mp4:  36%|███▌      | 305/850 [07:19<13:02,  1.44s/MiB]
 uploading compilerdesign_CH_01__Introduction_and_Lexical_Analysis_Introduction_and_Lexical_Analysis_05__Lexical_Analysis_Part_03.mp4:  36%|███▌      | 306/850 [07:21<13:55,  1.54s/MiB]
 uploading compilerdesign_CH_01__Introduction_and_Lexical_Analysis_Introduction_and_Lexical_Analysis_05__Lexical_Analysis_Part_03.mp4:  36%|███▌      | 307/850 [07:24<17:12,  1.90s/MiB]
 uploading compilerdesign_CH_01__Introduction_and_Lexical_Analysis_Introduction_and_Lexical_Analysis_05__Lexical_Analysis_Part_03.mp4:  36%|███▌      | 308/850 [07:27<22:19,  2.47s/MiB]
 uploading compilerdesign_CH_01__Introduction_and_Lexical_Analysis_Introduction_and_Lexical_Analysis_05__Lexical_Analysis_Part_03.mp4:  36%|███▋      | 309/850 [07:31<24:43,  2.74s/MiB]
 uploading compilerdesign_CH_01__Introduction_and_Lexical_Analysis_Introduction_and_Lexical_Analysis_05__Lexical_Analysis_Part_03.mp4:  36%|███▋      | 310/850 [07:34<25:32,  2.84s/MiB]
 uploading compilerdesign_CH_01__Introduction_and_Lexical_Analysis_Introduction_and_Lexical_Analysis_05__Lexical_Analysis_Part_03.mp4:  37%|███▋      | 311/850 [07:36<22:43,  2.53s/MiB]
 uploading compilerdesign_CH_01__Introduction_and_Lexical_Analysis_Introduction_and_Lexical_Analysis_05__Lexical_Analysis_Part_03.mp4:  37%|███▋      | 312/850 [07:39<25:21,  2.83s/MiB]
 uploading compilerdesign_CH_01__Introduction_and_Lexical_Analysis_Introduction_and_Lexical_Analysis_05__Lexical_Analysis_Part_03.mp4:  37%|███▋      | 313/850 [07:43<28:02,  3.13s/MiB]
 uploading compilerdesign_CH_01__Introduction_and_Lexical_Analysis_Introduction_and_Lexical_Analysis_05__Lexical_Analysis_Part_03.mp4:  37%|███▋      | 314/850 [07:48<32:25,  3.63s/MiB]
 uploading compilerdesign_CH_01__Introduction_and_Lexical_Analysis_Introduction_and_Lexical_Analysis_05__Lexical_Analysis_Part_03.mp4:  37%|███▋      | 315/850 [07:53<36:33,  4.10s/MiB]
 uploading compilerdesign_CH_01__Introduction_and_Lexical_Analysis_Introduction_and_Lexical_Analysis_05__Lexical_Analysis_Part_03.mp4:  37%|███▋      | 316/850 [07:56<32:44,  3.68s/MiB]
 uploading compilerdesign_CH_01__Introduction_and_Lexical_Analysis_Introduction_and_Lexical_Analysis_05__Lexical_Analysis_Part_03.mp4:  37%|███▋      | 317/850 [08:01<35:51,  4.04s/MiB]
 uploading compilerdesign_CH_01__Introduction_and_Lexical_Analysis_Introduction_and_Lexical_Analysis_05__Lexical_Analysis_Part_03.mp4:  37%|███▋      | 318/850 [08:04<33:21,  3.76s/MiB]
 uploading compilerdesign_CH_01__Introduction_and_Lexical_Analysis_Introduction_and_Lexical_Analysis_05__Lexical_Analysis_Part_03.mp4:  38%|███▊      | 319/850 [08:08<34:21,  3.88s/MiB]
 uploading compilerdesign_CH_01__Introduction_and_Lexical_Analysis_Introduction_and_Lexical_Analysis_05__Lexical_Analysis_Part_03.mp4:  38%|███▊      | 320/850 [08:12<36:23,  4.12s/MiB]
 uploading compilerdesign_CH_01__Introduction_and_Lexical_Analysis_Introduction_and_Lexical_Analysis_05__Lexical_Analysis_Part_03.mp4:  38%|███▊      | 321/850 [08:15<32:49,  3.72s/MiB]
 uploading compilerdesign_CH_01__Introduction_and_Lexical_Analysis_Introduction_and_Lexical_Analysis_05__Lexical_Analysis_Part_03.mp4:  38%|███▊      | 322/850 [08:18<30:06,  3.42s/MiB]
 uploading compilerdesign_CH_01__Introduction_and_Lexical_Analysis_Introduction_and_Lexical_Analysis_05__Lexical_Analysis_Part_03.mp4:  38%|███▊      | 323/850 [08:20<27:34,  3.14s/MiB]
 uploading compilerdesign_CH_01__Introduction_and_Lexical_Analysis_Introduction_and_Lexical_Analysis_05__Lexical_Analysis_Part_03.mp4:  38%|███▊      | 324/850 [08:23<25:59,  2.96s/MiB]
 uploading compilerdesign_CH_01__Introduction_and_Lexical_Analysis_Introduction_and_Lexical_Analysis_05__Lexical_Analysis_Part_03.mp4:  38%|███▊      | 325/850 [08:26<24:58,  2.85s/MiB]
 uploading compilerdesign_CH_01__Introduction_and_Lexical_Analysis_Introduction_and_Lexical_Analysis_05__Lexical_Analysis_Part_03.mp4:  38%|███▊      | 326/850 [08:28<24:21,  2.79s/MiB]
 uploading compilerdesign_CH_01__Introduction_and_Lexical_Analysis_Introduction_and_Lexical_Analysis_05__Lexical_Analysis_Part_03.mp4:  38%|███▊      | 327/850 [08:31<23:00,  2.64s/MiB]
 uploading compilerdesign_CH_01__Introduction_and_Lexical_Analysis_Introduction_and_Lexical_Analysis_05__Lexical_Analysis_Part_03.mp4:  39%|███▊      | 328/850 [08:32<20:13,  2.32s/MiB]
 uploading compilerdesign_CH_01__Introduction_and_Lexical_Analysis_Introduction_and_Lexical_Analysis_05__Lexical_Analysis_Part_03.mp4:  39%|███▊      | 329/850 [08:34<18:01,  2.08s/MiB]
 uploading compilerdesign_CH_01__Introduction_and_Lexical_Analysis_Introduction_and_Lexical_Analysis_05__Lexical_Analysis_Part_03.mp4:  39%|███▉      | 330/850 [08:35<15:47,  1.82s/MiB]
 uploading compilerdesign_CH_01__Introduction_and_Lexical_Analysis_Introduction_and_Lexical_Analysis_05__Lexical_Analysis_Part_03.mp4:  39%|███▉      | 331/850 [08:36<15:09,  1.75s/MiB]
 uploading compilerdesign_CH_01__Introduction_and_Lexical_Analysis_Introduction_and_Lexical_Analysis_05__Lexical_Analysis_Part_03.mp4:  39%|███▉      | 332/850 [08:38<14:02,  1.63s/MiB]
 uploading compilerdesign_CH_01__Introduction_and_Lexical_Analysis_Introduction_and_Lexical_Analysis_05__Lexical_Analysis_Part_03.mp4:  39%|███▉      | 333/850 [08:39<13:15,  1.54s/MiB]
 uploading compilerdesign_CH_01__Introduction_and_Lexical_Analysis_Introduction_and_Lexical_Analysis_05__Lexical_Analysis_Part_03.mp4:  39%|███▉      | 334/850 [08:40<12:05,  1.41s/MiB]
 uploading compilerdesign_CH_01__Introduction_and_Lexical_Analysis_Introduction_and_Lexical_Analysis_05__Lexical_Analysis_Part_03.mp4:  39%|███▉      | 335/850 [08:41<10:50,  1.26s/MiB]
 uploading compilerdesign_CH_01__Introduction_and_Lexical_Analysis_Introduction_and_Lexical_Analysis_05__Lexical_Analysis_Part_03.mp4:  40%|███▉      | 336/850 [08:42<09:39,  1.13s/MiB]
 uploading compilerdesign_CH_01__Introduction_and_Lexical_Analysis_Introduction_and_Lexical_Analysis_05__Lexical_Analysis_Part_03.mp4:  40%|███▉      | 337/850 [08:43<09:40,  1.13s/MiB]
 uploading compilerdesign_CH_01__Introduction_and_Lexical_Analysis_Introduction_and_Lexical_Analysis_05__Lexical_Analysis_Part_03.mp4:  40%|███▉      | 338/850 [08:44<09:51,  1.16s/MiB]
 uploading compilerdesign_CH_01__Introduction_and_Lexical_Analysis_Introduction_and_Lexical_Analysis_05__Lexical_Analysis_Part_03.mp4:  40%|███▉      | 339/850 [08:46<10:27,  1.23s/MiB]
 uploading compilerdesign_CH_01__Introduction_and_Lexical_Analysis_Introduction_and_Lexical_Analysis_05__Lexical_Analysis_Part_03.mp4:  40%|████      | 340/850 [08:48<12:53,  1.52s/MiB]
 uploading compilerdesign_CH_01__Introduction_and_Lexical_Analysis_Introduction_and_Lexical_Analysis_05__Lexical_Analysis_Part_03.mp4:  40%|████      | 341/850 [08:51<15:37,  1.84s/MiB]
 uploading compilerdesign_CH_01__Introduction_and_Lexical_Analysis_Introduction_and_Lexical_Analysis_05__Lexical_Analysis_Part_03.mp4:  40%|████      | 342/850 [08:53<16:53,  1.99s/MiB]
 uploading compilerdesign_CH_01__Introduction_and_Lexical_Analysis_Introduction_and_Lexical_Analysis_05__Lexical_Analysis_Part_03.mp4:  40%|████      | 343/850 [08:55<15:58,  1.89s/MiB]
 uploading compilerdesign_CH_01__Introduction_and_Lexical_Analysis_Introduction_and_Lexical_Analysis_05__Lexical_Analysis_Part_03.mp4:  40%|████      | 344/850 [08:57<16:28,  1.95s/MiB]
 uploading compilerdesign_CH_01__Introduction_and_Lexical_Analysis_Introduction_and_Lexical_Analysis_05__Lexical_Analysis_Part_03.mp4:  41%|████      | 345/850 [08:58<15:42,  1.87s/MiB]
 uploading compilerdesign_CH_01__Introduction_and_Lexical_Analysis_Introduction_and_Lexical_Analysis_05__Lexical_Analysis_Part_03.mp4:  41%|████      | 346/850 [09:00<14:45,  1.76s/MiB]
 uploading compilerdesign_CH_01__Introduction_and_Lexical_Analysis_Introduction_and_Lexical_Analysis_05__Lexical_Analysis_Part_03.mp4:  41%|████      | 347/850 [09:03<18:59,  2.26s/MiB]
 uploading compilerdesign_CH_01__Introduction_and_Lexical_Analysis_Introduction_and_Lexical_Analysis_05__Lexical_Analysis_Part_03.mp4:  41%|████      | 348/850 [09:06<20:03,  2.40s/MiB]
 uploading compilerdesign_CH_01__Introduction_and_Lexical_Analysis_Introduction_and_Lexical_Analysis_05__Lexical_Analysis_Part_03.mp4:  41%|████      | 349/850 [09:08<18:47,  2.25s/MiB]
 uploading compilerdesign_CH_01__Introduction_and_Lexical_Analysis_Introduction_and_Lexical_Analysis_05__Lexical_Analysis_Part_03.mp4:  41%|████      | 350/850 [09:10<18:07,  2.17s/MiB]
 uploading compilerdesign_CH_01__Introduction_and_Lexical_Analysis_Introduction_and_Lexical_Analysis_05__Lexical_Analysis_Part_03.mp4:  41%|████▏     | 351/850 [09:11<16:13,  1.95s/MiB]
 uploading compilerdesign_CH_01__Introduction_and_Lexical_Analysis_Introduction_and_Lexical_Analysis_05__Lexical_Analysis_Part_03.mp4:  41%|████▏     | 352/850 [09:13<14:38,  1.76s/MiB]
 uploading compilerdesign_CH_01__Introduction_and_Lexical_Analysis_Introduction_and_Lexical_Analysis_05__Lexical_Analysis_Part_03.mp4:  42%|████▏     | 353/850 [09:14<12:59,  1.57s/MiB]
 uploading compilerdesign_CH_01__Introduction_and_Lexical_Analysis_Introduction_and_Lexical_Analysis_05__Lexical_Analysis_Part_03.mp4:  42%|████▏     | 354/850 [09:15<11:24,  1.38s/MiB]
 uploading compilerdesign_CH_01__Introduction_and_Lexical_Analysis_Introduction_and_Lexical_Analysis_05__Lexical_Analysis_Part_03.mp4:  42%|████▏     | 355/850 [09:16<10:22,  1.26s/MiB]
 uploading compilerdesign_CH_01__Introduction_and_Lexical_Analysis_Introduction_and_Lexical_Analysis_05__Lexical_Analysis_Part_03.mp4:  42%|████▏     | 356/850 [09:17<09:34,  1.16s/MiB]
 uploading compilerdesign_CH_01__Introduction_and_Lexical_Analysis_Introduction_and_Lexical_Analysis_05__Lexical_Analysis_Part_03.mp4:  42%|████▏     | 357/850 [09:18<09:39,  1.18s/MiB]
 uploading compilerdesign_CH_01__Introduction_and_Lexical_Analysis_Introduction_and_Lexical_Analysis_05__Lexical_Analysis_Part_03.mp4:  42%|████▏     | 358/850 [09:19<09:32,  1.16s/MiB]
 uploading compilerdesign_CH_01__Introduction_and_Lexical_Analysis_Introduction_and_Lexical_Analysis_05__Lexical_Analysis_Part_03.mp4:  42%|████▏     | 359/850 [09:20<09:17,  1.14s/MiB]
 uploading compilerdesign_CH_01__Introduction_and_Lexical_Analysis_Introduction_and_Lexical_Analysis_05__Lexical_Analysis_Part_03.mp4:  42%|████▏     | 360/850 [09:21<08:40,  1.06s/MiB]
 uploading compilerdesign_CH_01__Introduction_and_Lexical_Analysis_Introduction_and_Lexical_Analysis_05__Lexical_Analysis_Part_03.mp4:  42%|████▏     | 361/850 [09:22<08:29,  1.04s/MiB]
 uploading compilerdesign_CH_01__Introduction_and_Lexical_Analysis_Introduction_and_Lexical_Analysis_05__Lexical_Analysis_Part_03.mp4:  43%|████▎     | 362/850 [09:23<08:47,  1.08s/MiB]
 uploading compilerdesign_CH_01__Introduction_and_Lexical_Analysis_Introduction_and_Lexical_Analysis_05__Lexical_Analysis_Part_03.mp4:  43%|████▎     | 363/850 [09:24<08:44,  1.08s/MiB]
 uploading compilerdesign_CH_01__Introduction_and_Lexical_Analysis_Introduction_and_Lexical_Analysis_05__Lexical_Analysis_Part_03.mp4:  43%|████▎     | 364/850 [09:25<08:17,  1.02s/MiB]
 uploading compilerdesign_CH_01__Introduction_and_Lexical_Analysis_Introduction_and_Lexical_Analysis_05__Lexical_Analysis_Part_03.mp4:  43%|████▎     | 365/850 [09:26<08:22,  1.04s/MiB]
 uploading compilerdesign_CH_01__Introduction_and_Lexical_Analysis_Introduction_and_Lexical_Analysis_05__Lexical_Analysis_Part_03.mp4:  43%|████▎     | 366/850 [09:28<09:41,  1.20s/MiB]
 uploading compilerdesign_CH_01__Introduction_and_Lexical_Analysis_Introduction_and_Lexical_Analysis_05__Lexical_Analysis_Part_03.mp4:  43%|████▎     | 367/850 [09:29<10:46,  1.34s/MiB]
 uploading compilerdesign_CH_01__Introduction_and_Lexical_Analysis_Introduction_and_Lexical_Analysis_05__Lexical_Analysis_Part_03.mp4:  43%|████▎     | 368/850 [09:31<11:16,  1.40s/MiB]
 uploading compilerdesign_CH_01__Introduction_and_Lexical_Analysis_Introduction_and_Lexical_Analysis_05__Lexical_Analysis_Part_03.mp4:  43%|████▎     | 369/850 [09:32<10:40,  1.33s/MiB]
 uploading compilerdesign_CH_01__Introduction_and_Lexical_Analysis_Introduction_and_Lexical_Analysis_05__Lexical_Analysis_Part_03.mp4:  44%|████▎     | 370/850 [09:33<10:21,  1.29s/MiB]
 uploading compilerdesign_CH_01__Introduction_and_Lexical_Analysis_Introduction_and_Lexical_Analysis_05__Lexical_Analysis_Part_03.mp4:  44%|████▎     | 371/850 [09:34<09:46,  1.22s/MiB]
 uploading compilerdesign_CH_01__Introduction_and_Lexical_Analysis_Introduction_and_Lexical_Analysis_05__Lexical_Analysis_Part_03.mp4:  44%|████▍     | 372/850 [09:35<09:00,  1.13s/MiB]
 uploading compilerdesign_CH_01__Introduction_and_Lexical_Analysis_Introduction_and_Lexical_Analysis_05__Lexical_Analysis_Part_03.mp4:  44%|████▍     | 373/850 [09:36<08:42,  1.10s/MiB]
 uploading compilerdesign_CH_01__Introduction_and_Lexical_Analysis_Introduction_and_Lexical_Analysis_05__Lexical_Analysis_Part_03.mp4:  44%|████▍     | 374/850 [09:38<09:16,  1.17s/MiB]
 uploading compilerdesign_CH_01__Introduction_and_Lexical_Analysis_Introduction_and_Lexical_Analysis_05__Lexical_Analysis_Part_03.mp4:  44%|████▍     | 375/850 [09:39<09:38,  1.22s/MiB]
 uploading compilerdesign_CH_01__Introduction_and_Lexical_Analysis_Introduction_and_Lexical_Analysis_05__Lexical_Analysis_Part_03.mp4:  44%|████▍     | 376/850 [09:40<09:36,  1.22s/MiB]
 uploading compilerdesign_CH_01__Introduction_and_Lexical_Analysis_Introduction_and_Lexical_Analysis_05__Lexical_Analysis_Part_03.mp4:  44%|████▍     | 377/850 [09:42<10:10,  1.29s/MiB]
 uploading compilerdesign_CH_01__Introduction_and_Lexical_Analysis_Introduction_and_Lexical_Analysis_05__Lexical_Analysis_Part_03.mp4:  44%|████▍     | 378/850 [09:43<10:18,  1.31s/MiB]
 uploading compilerdesign_CH_01__Introduction_and_Lexical_Analysis_Introduction_and_Lexical_Analysis_05__Lexical_Analysis_Part_03.mp4:  45%|████▍     | 379/850 [09:44<10:45,  1.37s/MiB]
 uploading compilerdesign_CH_01__Introduction_and_Lexical_Analysis_Introduction_and_Lexical_Analysis_05__Lexical_Analysis_Part_03.mp4:  45%|████▍     | 380/850 [09:46<10:22,  1.32s/MiB]
 uploading compilerdesign_CH_01__Introduction_and_Lexical_Analysis_Introduction_and_Lexical_Analysis_05__Lexical_Analysis_Part_03.mp4:  45%|████▍     | 381/850 [09:47<09:49,  1.26s/MiB]
 uploading compilerdesign_CH_01__Introduction_and_Lexical_Analysis_Introduction_and_Lexical_Analysis_05__Lexical_Analysis_Part_03.mp4:  45%|████▍     | 382/850 [09:48<09:20,  1.20s/MiB]
 